mode: set
github.com/dunky-star/go-json-xml-tool/jsonxmltool.go:41.19,49.2 1 1
github.com/dunky-star/go-json-xml-tool/jsonxmltool.go:67.80,68.96 1 1
github.com/dunky-star/go-json-xml-tool/jsonxmltool.go:68.96,70.3 1 1
github.com/dunky-star/go-json-xml-tool/jsonxmltool.go:72.2,73.24 2 1
github.com/dunky-star/go-json-xml-tool/jsonxmltool.go:73.24,75.3 1 1
github.com/dunky-star/go-json-xml-tool/jsonxmltool.go:76.2,79.41 3 1
github.com/dunky-star/go-json-xml-tool/jsonxmltool.go:79.41,81.3 1 1
github.com/dunky-star/go-json-xml-tool/jsonxmltool.go:82.2,82.51 1 1
github.com/dunky-star/go-json-xml-tool/jsonxmltool.go:82.51,84.3 1 1
github.com/dunky-star/go-json-xml-tool/jsonxmltool.go:85.2,85.12 1 1
github.com/dunky-star/go-json-xml-tool/jsonxmltool.go:89.57,91.27 2 1
github.com/dunky-star/go-json-xml-tool/jsonxmltool.go:91.27,93.3 1 1
github.com/dunky-star/go-json-xml-tool/jsonxmltool.go:94.2,94.12 1 1
github.com/dunky-star/go-json-xml-tool/jsonxmltool.go:97.65,102.9 4 1
github.com/dunky-star/go-json-xml-tool/jsonxmltool.go:103.36,104.78 1 1
github.com/dunky-star/go-json-xml-tool/jsonxmltool.go:105.43,106.54 1 1
github.com/dunky-star/go-json-xml-tool/jsonxmltool.go:107.43,108.118 1 1
github.com/dunky-star/go-json-xml-tool/jsonxmltool.go:109.30,110.45 1 1
github.com/dunky-star/go-json-xml-tool/jsonxmltool.go:111.62,113.59 2 1
github.com/dunky-star/go-json-xml-tool/jsonxmltool.go:114.53,115.69 1 1
github.com/dunky-star/go-json-xml-tool/jsonxmltool.go:116.46,117.79 1 1
github.com/dunky-star/go-json-xml-tool/jsonxmltool.go:118.10,119.13 1 0
github.com/dunky-star/go-json-xml-tool/jsonxmltool.go:125.100,130.2 4 1
github.com/dunky-star/go-json-xml-tool/jsonxmltool.go:133.80,135.21 2 1
github.com/dunky-star/go-json-xml-tool/jsonxmltool.go:135.21,137.3 1 1
github.com/dunky-star/go-json-xml-tool/jsonxmltool.go:138.2,139.38 2 1
github.com/dunky-star/go-json-xml-tool/jsonxmltool.go:143.42,144.12 1 1
github.com/dunky-star/go-json-xml-tool/jsonxmltool.go:144.12,146.3 1 0
github.com/dunky-star/go-json-xml-tool/jsonxmltool.go:147.2,150.21 4 1
github.com/dunky-star/go-json-xml-tool/jsonxmltool.go:150.21,152.17 2 1
github.com/dunky-star/go-json-xml-tool/jsonxmltool.go:152.17,154.12 2 0
github.com/dunky-star/go-json-xml-tool/jsonxmltool.go:156.3,156.30 1 1
github.com/dunky-star/go-json-xml-tool/jsonxmltool.go:158.2,158.20 1 1
github.com/dunky-star/go-json-xml-tool/jsonxmltool.go:162.99,164.60 2 1
github.com/dunky-star/go-json-xml-tool/jsonxmltool.go:164.60,166.3 1 1
github.com/dunky-star/go-json-xml-tool/jsonxmltool.go:168.2,169.41 2 1
github.com/dunky-star/go-json-xml-tool/jsonxmltool.go:169.41,171.3 1 1
github.com/dunky-star/go-json-xml-tool/jsonxmltool.go:173.2,174.16 2 1
github.com/dunky-star/go-json-xml-tool/jsonxmltool.go:174.16,176.3 1 0
github.com/dunky-star/go-json-xml-tool/jsonxmltool.go:177.2,180.16 3 1
github.com/dunky-star/go-json-xml-tool/jsonxmltool.go:180.16,182.3 1 0
github.com/dunky-star/go-json-xml-tool/jsonxmltool.go:183.2,183.35 1 1
github.com/dunky-star/go-json-xml-tool/jsonxmltool.go:187.102,191.2 3 1
github.com/dunky-star/go-json-xml-tool/jsonxmltool.go:201.104,203.21 2 1
github.com/dunky-star/go-json-xml-tool/jsonxmltool.go:203.21,205.3 1 1
github.com/dunky-star/go-json-xml-tool/jsonxmltool.go:206.2,207.16 2 1
github.com/dunky-star/go-json-xml-tool/jsonxmltool.go:207.16,209.3 1 1
github.com/dunky-star/go-json-xml-tool/jsonxmltool.go:210.2,210.21 1 1
github.com/dunky-star/go-json-xml-tool/jsonxmltool.go:210.21,212.3 1 0
github.com/dunky-star/go-json-xml-tool/jsonxmltool.go:213.2,213.22 1 1
github.com/dunky-star/go-json-xml-tool/jsonxmltool.go:217.104,219.21 2 1
github.com/dunky-star/go-json-xml-tool/jsonxmltool.go:219.21,221.3 1 1
github.com/dunky-star/go-json-xml-tool/jsonxmltool.go:223.2,223.47 1 1
github.com/dunky-star/go-json-xml-tool/jsonxmltool.go:223.47,225.3 1 0
github.com/dunky-star/go-json-xml-tool/jsonxmltool.go:227.2,228.18 2 1
github.com/dunky-star/go-json-xml-tool/jsonxmltool.go:228.18,230.3 1 1
github.com/dunky-star/go-json-xml-tool/jsonxmltool.go:232.2,232.61 1 1
github.com/dunky-star/go-json-xml-tool/jsonxmltool.go:232.61,234.3 1 0
github.com/dunky-star/go-json-xml-tool/jsonxmltool.go:236.2,237.47 2 1
github.com/dunky-star/go-json-xml-tool/jsonxmltool.go:237.47,238.31 1 1
github.com/dunky-star/go-json-xml-tool/jsonxmltool.go:238.31,239.47 1 1
github.com/dunky-star/go-json-xml-tool/jsonxmltool.go:239.47,242.19 3 1
github.com/dunky-star/go-json-xml-tool/jsonxmltool.go:242.19,244.6 1 0
github.com/dunky-star/go-json-xml-tool/jsonxmltool.go:245.5,247.34 2 1
github.com/dunky-star/go-json-xml-tool/jsonxmltool.go:247.34,249.6 1 1
github.com/dunky-star/go-json-xml-tool/jsonxmltool.go:251.5,252.44 2 1
github.com/dunky-star/go-json-xml-tool/jsonxmltool.go:252.44,254.6 1 0
github.com/dunky-star/go-json-xml-tool/jsonxmltool.go:256.5,257.36 2 1
github.com/dunky-star/go-json-xml-tool/jsonxmltool.go:257.36,259.46 2 1
github.com/dunky-star/go-json-xml-tool/jsonxmltool.go:259.46,260.44 1 1
github.com/dunky-star/go-json-xml-tool/jsonxmltool.go:260.44,262.13 2 1
github.com/dunky-star/go-json-xml-tool/jsonxmltool.go:265.6,265.18 1 1
github.com/dunky-star/go-json-xml-tool/jsonxmltool.go:265.18,267.7 1 1
github.com/dunky-star/go-json-xml-tool/jsonxmltool.go:270.5,270.54 1 1
github.com/dunky-star/go-json-xml-tool/jsonxmltool.go:270.54,272.6 1 0
github.com/dunky-star/go-json-xml-tool/jsonxmltool.go:274.5,274.17 1 1
github.com/dunky-star/go-json-xml-tool/jsonxmltool.go:274.17,276.6 1 1
github.com/dunky-star/go-json-xml-tool/jsonxmltool.go:276.11,278.6 1 1
github.com/dunky-star/go-json-xml-tool/jsonxmltool.go:279.5,282.19 3 1
github.com/dunky-star/go-json-xml-tool/jsonxmltool.go:282.19,284.6 1 1
github.com/dunky-star/go-json-xml-tool/jsonxmltool.go:285.5,288.19 3 1
github.com/dunky-star/go-json-xml-tool/jsonxmltool.go:288.19,290.6 1 0
github.com/dunky-star/go-json-xml-tool/jsonxmltool.go:291.5,292.21 2 1
github.com/dunky-star/go-json-xml-tool/jsonxmltool.go:294.4,294.18 1 1
github.com/dunky-star/go-json-xml-tool/jsonxmltool.go:294.18,296.5 1 1
github.com/dunky-star/go-json-xml-tool/jsonxmltool.go:297.4,297.33 1 1
github.com/dunky-star/go-json-xml-tool/jsonxmltool.go:300.2,300.19 1 1
github.com/dunky-star/go-json-xml-tool/jsonxmltool.go:304.44,306.49 2 1
github.com/dunky-star/go-json-xml-tool/jsonxmltool.go:306.49,308.3 1 1
github.com/dunky-star/go-json-xml-tool/jsonxmltool.go:309.2,309.12 1 1
github.com/dunky-star/go-json-xml-tool/jsonxmltool.go:313.49,314.13 1 1
github.com/dunky-star/go-json-xml-tool/jsonxmltool.go:314.13,316.3 1 1
github.com/dunky-star/go-json-xml-tool/jsonxmltool.go:317.2,319.16 3 1
github.com/dunky-star/go-json-xml-tool/jsonxmltool.go:319.16,321.3 1 1
github.com/dunky-star/go-json-xml-tool/jsonxmltool.go:322.2,322.18 1 1
github.com/dunky-star/go-json-xml-tool/jsonxmltool.go:326.99,330.57 4 1
github.com/dunky-star/go-json-xml-tool/jsonxmltool.go:330.57,332.3 1 0
github.com/dunky-star/go-json-xml-tool/jsonxmltool.go:333.2,333.39 1 1
github.com/dunky-star/go-json-xml-tool/jsonxmltool.go:337.79,339.23 2 1
github.com/dunky-star/go-json-xml-tool/jsonxmltool.go:339.23,341.3 1 1
github.com/dunky-star/go-json-xml-tool/jsonxmltool.go:342.2,345.41 3 1
github.com/dunky-star/go-json-xml-tool/jsonxmltool.go:345.41,347.3 1 1
github.com/dunky-star/go-json-xml-tool/jsonxmltool.go:348.2,348.51 1 1
github.com/dunky-star/go-json-xml-tool/jsonxmltool.go:348.51,350.3 1 1
github.com/dunky-star/go-json-xml-tool/jsonxmltool.go:351.2,351.12 1 1
github.com/dunky-star/go-json-xml-tool/jsonxmltool.go:355.79,357.21 2 1
github.com/dunky-star/go-json-xml-tool/jsonxmltool.go:357.21,359.3 1 1
github.com/dunky-star/go-json-xml-tool/jsonxmltool.go:360.2,361.37 2 1
github.com/dunky-star/go-json-xml-tool/jsonxmltool.go:364.66,365.23 1 1
github.com/dunky-star/go-json-xml-tool/jsonxmltool.go:365.23,367.3 1 1
github.com/dunky-star/go-json-xml-tool/jsonxmltool.go:368.2,368.37 1 1
github.com/dunky-star/go-json-xml-tool/jsonxmltool.go:368.37,370.3 1 1
